<?xml version="1.0" encoding="UTF-8"?>
<!-- Generated by org.testng.reporters.JUnitReportReporter -->
<testsuite skipped="1" hostname="FINS-TWS-015" name="com.finacus.MavenProject.MSB" tests="2" failures="0" timestamp="2021-02-05T18:19:20 IST" time="0.067" errors="1">
  <testcase name="setupAppium" time="0.067" classname="com.finacus.MavenProject.MSB">
    <error type="java.lang.NoSuchMethodError" message="org.openqa.selenium.remote.ErrorHandler.&lt;init&gt;(Lorg/openqa/selenium/remote/ErrorCodes;Z)V">
      <![CDATA[java.lang.NoSuchMethodError: org.openqa.selenium.remote.ErrorHandler.<init>(Lorg/openqa/selenium/remote/ErrorCodes;Z)V
at io.appium.java_client.AppiumDriver.<clinit>(AppiumDriver.java:57)
at com.finacus.MavenProject.MSB.setupAppium(MSB.java:61)
at sun.reflect.NativeMethodAccessorImpl.invoke0(Native Method)
at sun.reflect.NativeMethodAccessorImpl.invoke(Unknown Source)
at sun.reflect.DelegatingMethodAccessorImpl.invoke(Unknown Source)
at java.lang.reflect.Method.invoke(Unknown Source)
at org.testng.internal.MethodInvocationHelper.invokeMethod(MethodInvocationHelper.java:132)
at org.testng.internal.MethodInvocationHelper.invokeMethodConsideringTimeout(MethodInvocationHelper.java:61)
at org.testng.internal.ConfigInvoker.invokeConfigurationMethod(ConfigInvoker.java:366)
at org.testng.internal.ConfigInvoker.invokeConfigurations(ConfigInvoker.java:320)
at org.testng.SuiteRunner.privateRun(SuiteRunner.java:327)
at org.testng.SuiteRunner.run(SuiteRunner.java:286)
at org.testng.SuiteRunnerWorker.runSuite(SuiteRunnerWorker.java:53)
at org.testng.SuiteRunnerWorker.run(SuiteRunnerWorker.java:96)
at org.testng.TestNG.runSuitesSequentially(TestNG.java:1218)
at org.testng.TestNG.runSuitesLocally(TestNG.java:1140)
at org.testng.TestNG.runSuites(TestNG.java:1069)
at org.testng.TestNG.run(TestNG.java:1037)
at org.testng.remote.AbstractRemoteTestNG.run(AbstractRemoteTestNG.java:115)
at org.testng.remote.RemoteTestNG.initAndRun(RemoteTestNG.java:251)
at org.testng.remote.RemoteTestNG.main(RemoteTestNG.java:77)
]]>
    </error>
  </testcase> <!-- setupAppium -->
  <system-out/>
  <testcase name="MobileNumber" time="0.000" classname="com.finacus.MavenProject.MSB">
    <skipped/>
  </testcase> <!-- MobileNumber -->
  <system-out/>
</testsuite> <!-- com.finacus.MavenProject.MSB -->
