<?xml version="1.0" encoding="UTF-8"?>
<!-- Generated by org.testng.reporters.JUnitReportReporter -->
<testsuite skipped="1" hostname="FINS-TWS-015" name="com.finacus.MavenProject.VAN" tests="2" failures="0" timestamp="2021-01-18T15:08:06 IST" time="0.056" errors="1">
  <testcase name="Login" time="0.000" classname="com.finacus.MavenProject.VAN">
    <skipped/>
  </testcase> <!-- Login -->
  <system-out/>
  <testcase name="setupAppium" time="0.056" classname="com.finacus.MavenProject.VAN">
    <error type="java.lang.NoSuchMethodError" message="org.openqa.selenium.remote.ErrorHandler.&lt;init&gt;(Lorg/openqa/selenium/remote/ErrorCodes;Z)V">
      <![CDATA[java.lang.NoSuchMethodError: org.openqa.selenium.remote.ErrorHandler.<init>(Lorg/openqa/selenium/remote/ErrorCodes;Z)V
at io.appium.java_client.AppiumDriver.<clinit>(AppiumDriver.java:57)
at com.finacus.MavenProject.VAN.setupAppium(VAN.java:46)
at sun.reflect.NativeMethodAccessorImpl.invoke0(Native Method)
at sun.reflect.NativeMethodAccessorImpl.invoke(Unknown Source)
at sun.reflect.DelegatingMethodAccessorImpl.invoke(Unknown Source)
at java.lang.reflect.Method.invoke(Unknown Source)
at org.testng.internal.MethodInvocationHelper.invokeMethod(MethodInvocationHelper.java:134)
at org.testng.internal.MethodInvocationHelper.invokeMethodConsideringTimeout(MethodInvocationHelper.java:63)
at org.testng.internal.ConfigInvoker.invokeConfigurationMethod(ConfigInvoker.java:348)
at org.testng.internal.ConfigInvoker.invokeConfigurations(ConfigInvoker.java:302)
at org.testng.SuiteRunner.privateRun(SuiteRunner.java:327)
at org.testng.SuiteRunner.run(SuiteRunner.java:286)
at org.testng.SuiteRunnerWorker.runSuite(SuiteRunnerWorker.java:53)
at org.testng.SuiteRunnerWorker.run(SuiteRunnerWorker.java:96)
at org.testng.TestNG.runSuitesSequentially(TestNG.java:1187)
at org.testng.TestNG.runSuitesLocally(TestNG.java:1109)
at org.testng.TestNG.runSuites(TestNG.java:1039)
at org.testng.TestNG.run(TestNG.java:1007)
at org.testng.remote.AbstractRemoteTestNG.run(AbstractRemoteTestNG.java:115)
at org.testng.remote.RemoteTestNG.initAndRun(RemoteTestNG.java:251)
at org.testng.remote.RemoteTestNG.main(RemoteTestNG.java:77)
]]>
    </error>
  </testcase> <!-- setupAppium -->
  <system-out/>
</testsuite> <!-- com.finacus.MavenProject.VAN -->
