<?xml version="1.0" encoding="UTF-8"?>
<!-- Generated by org.testng.reporters.JUnitReportReporter -->
<testsuite skipped="1" hostname="FINS-TWS-015" name="com.finacus.MavenProject.ExcelExample" tests="1" failures="0" timestamp="2021-03-05T15:24:47 IST" time="0.000" errors="0">
  <testcase name="demoClass" time="0.000" classname="com.finacus.MavenProject.ExcelExample">
    <skipped/>
  </testcase> <!-- demoClass -->
  <system-out/>
</testsuite> <!-- com.finacus.MavenProject.ExcelExample -->
