<?xml version="1.0" encoding="UTF-8"?>
<!-- Generated by org.testng.reporters.JUnitReportReporter -->
<testsuite skipped="0" hostname="FINS-034" name="com.finacus.MavenProject.AutomateAppium" tests="1" failures="0" timestamp="30 Jul 2019 13:15:24 GMT" time="0.009" errors="0">
  <testcase name="Testcase1" time="0.009" classname="com.finacus.MavenProject.AutomateAppium"/>
</testsuite> <!-- com.finacus.MavenProject.AutomateAppium -->
