<?xml version="1.0" encoding="UTF-8"?>
<!-- Generated by org.testng.reporters.JUnitReportReporter -->
<testsuite skipped="0" hostname="FINS-034" name="com.finacus.MavenProject.Positivepay" tests="2" failures="0" timestamp="09 Sep 2019 11:32:17 GMT" time="155.788" errors="0">
  <testcase name="TestCase1" time="17.427" classname="com.finacus.MavenProject.Positivepay"/>
  <testcase name="TestCase2" time="138.361" classname="com.finacus.MavenProject.Positivepay"/>
</testsuite> <!-- com.finacus.MavenProject.Positivepay -->
