<?xml version="1.0" encoding="UTF-8"?>
<!-- Generated by org.testng.reporters.JUnitReportReporter -->
<testsuite skipped="0" hostname="FINS-TWS-015" name="com.finacus.MavenProject.Telegram" tests="1" failures="0" timestamp="2019-10-11T18:20:25 IST" time="0.750" errors="0">
  <testcase name="test" time="0.750" classname="com.finacus.MavenProject.Telegram"/>
</testsuite> <!-- com.finacus.MavenProject.Telegram -->
